2015-08-01T15:26:18+00:00 DEBUG (7): Exception message: Notice: Undefined offset: 4231  in E:\wamp\www\theembroideryshoppe\app\code\core\Mage\Checkout\controllers\CartController.php on line 167
Trace: #0 E:\wamp\www\theembroideryshoppe\app\code\core\Mage\Checkout\controllers\CartController.php(167): mageCoreErrorHandler(8, 'Undefined offse...', 'E:\wamp\www\the...', 167, Array)
#1 E:\wamp\www\theembroideryshoppe\app\code\core\Mage\Core\Controller\Varien\Action.php(376): Mage_Checkout_CartController->addAction()
#2 E:\wamp\www\theembroideryshoppe\app\code\core\Mage\Core\Controller\Varien\Router\Standard.php(248): Mage_Core_Controller_Varien_Action->dispatch('add')
#3 E:\wamp\www\theembroideryshoppe\app\code\core\Mage\Core\Controller\Varien\Front.php(158): Mage_Core_Controller_Varien_Router_Standard->match(Object(Mage_Core_Controller_Request_Http))
#4 E:\wamp\www\theembroideryshoppe\app\Mage.php(459): Mage_Core_Controller_Varien_Front->dispatch()
#5 E:\wamp\www\theembroideryshoppe\index.php(65): Mage::run()
#6 {main}
2015-08-01T15:26:42+00:00 DEBUG (7): Exception message: Notice: Undefined offset: 4231  in E:\wamp\www\theembroideryshoppe\app\code\core\Mage\Checkout\controllers\CartController.php on line 167
Trace: #0 E:\wamp\www\theembroideryshoppe\app\code\core\Mage\Checkout\controllers\CartController.php(167): mageCoreErrorHandler(8, 'Undefined offse...', 'E:\wamp\www\the...', 167, Array)
#1 E:\wamp\www\theembroideryshoppe\app\code\core\Mage\Core\Controller\Varien\Action.php(376): Mage_Checkout_CartController->addAction()
#2 E:\wamp\www\theembroideryshoppe\app\code\core\Mage\Core\Controller\Varien\Router\Standard.php(248): Mage_Core_Controller_Varien_Action->dispatch('add')
#3 E:\wamp\www\theembroideryshoppe\app\code\core\Mage\Core\Controller\Varien\Front.php(158): Mage_Core_Controller_Varien_Router_Standard->match(Object(Mage_Core_Controller_Request_Http))
#4 E:\wamp\www\theembroideryshoppe\app\Mage.php(459): Mage_Core_Controller_Varien_Front->dispatch()
#5 E:\wamp\www\theembroideryshoppe\index.php(65): Mage::run()
#6 {main}
2015-08-01T15:27:06+00:00 DEBUG (7): Exception message: Notice: Undefined offset: 4231  in E:\wamp\www\theembroideryshoppe\app\code\core\Mage\Checkout\controllers\CartController.php on line 167
Trace: #0 E:\wamp\www\theembroideryshoppe\app\code\core\Mage\Checkout\controllers\CartController.php(167): mageCoreErrorHandler(8, 'Undefined offse...', 'E:\wamp\www\the...', 167, Array)
#1 E:\wamp\www\theembroideryshoppe\app\code\core\Mage\Core\Controller\Varien\Action.php(376): Mage_Checkout_CartController->addAction()
#2 E:\wamp\www\theembroideryshoppe\app\code\core\Mage\Core\Controller\Varien\Router\Standard.php(248): Mage_Core_Controller_Varien_Action->dispatch('add')
#3 E:\wamp\www\theembroideryshoppe\app\code\core\Mage\Core\Controller\Varien\Front.php(158): Mage_Core_Controller_Varien_Router_Standard->match(Object(Mage_Core_Controller_Request_Http))
#4 E:\wamp\www\theembroideryshoppe\app\Mage.php(459): Mage_Core_Controller_Varien_Front->dispatch()
#5 E:\wamp\www\theembroideryshoppe\index.php(65): Mage::run()
#6 {main}
2015-08-01T15:27:31+00:00 DEBUG (7): Exception message: Notice: Undefined offset: 4231  in E:\wamp\www\theembroideryshoppe\app\code\core\Mage\Checkout\controllers\CartController.php on line 167
Trace: #0 E:\wamp\www\theembroideryshoppe\app\code\core\Mage\Checkout\controllers\CartController.php(167): mageCoreErrorHandler(8, 'Undefined offse...', 'E:\wamp\www\the...', 167, Array)
#1 E:\wamp\www\theembroideryshoppe\app\code\core\Mage\Core\Controller\Varien\Action.php(376): Mage_Checkout_CartController->addAction()
#2 E:\wamp\www\theembroideryshoppe\app\code\core\Mage\Core\Controller\Varien\Router\Standard.php(248): Mage_Core_Controller_Varien_Action->dispatch('add')
#3 E:\wamp\www\theembroideryshoppe\app\code\core\Mage\Core\Controller\Varien\Front.php(158): Mage_Core_Controller_Varien_Router_Standard->match(Object(Mage_Core_Controller_Request_Http))
#4 E:\wamp\www\theembroideryshoppe\app\Mage.php(459): Mage_Core_Controller_Varien_Front->dispatch()
#5 E:\wamp\www\theembroideryshoppe\index.php(65): Mage::run()
#6 {main}
2015-08-01T15:29:21+00:00 DEBUG (7): Exception message: Notice: Undefined offset: 4231  in E:\wamp\www\theembroideryshoppe\app\code\core\Mage\Checkout\controllers\CartController.php on line 167
Trace: #0 E:\wamp\www\theembroideryshoppe\app\code\core\Mage\Checkout\controllers\CartController.php(167): mageCoreErrorHandler(8, 'Undefined offse...', 'E:\wamp\www\the...', 167, Array)
#1 E:\wamp\www\theembroideryshoppe\app\code\core\Mage\Core\Controller\Varien\Action.php(376): Mage_Checkout_CartController->addAction()
#2 E:\wamp\www\theembroideryshoppe\app\code\core\Mage\Core\Controller\Varien\Router\Standard.php(248): Mage_Core_Controller_Varien_Action->dispatch('add')
#3 E:\wamp\www\theembroideryshoppe\app\code\core\Mage\Core\Controller\Varien\Front.php(158): Mage_Core_Controller_Varien_Router_Standard->match(Object(Mage_Core_Controller_Request_Http))
#4 E:\wamp\www\theembroideryshoppe\app\Mage.php(459): Mage_Core_Controller_Varien_Front->dispatch()
#5 E:\wamp\www\theembroideryshoppe\index.php(65): Mage::run()
#6 {main}
2015-08-01T15:29:44+00:00 DEBUG (7): Exception message: Notice: Undefined offset: 4231  in E:\wamp\www\theembroideryshoppe\app\code\core\Mage\Checkout\controllers\CartController.php on line 167
Trace: #0 E:\wamp\www\theembroideryshoppe\app\code\core\Mage\Checkout\controllers\CartController.php(167): mageCoreErrorHandler(8, 'Undefined offse...', 'E:\wamp\www\the...', 167, Array)
#1 E:\wamp\www\theembroideryshoppe\app\code\core\Mage\Core\Controller\Varien\Action.php(376): Mage_Checkout_CartController->addAction()
#2 E:\wamp\www\theembroideryshoppe\app\code\core\Mage\Core\Controller\Varien\Router\Standard.php(248): Mage_Core_Controller_Varien_Action->dispatch('add')
#3 E:\wamp\www\theembroideryshoppe\app\code\core\Mage\Core\Controller\Varien\Front.php(158): Mage_Core_Controller_Varien_Router_Standard->match(Object(Mage_Core_Controller_Request_Http))
#4 E:\wamp\www\theembroideryshoppe\app\Mage.php(459): Mage_Core_Controller_Varien_Front->dispatch()
#5 E:\wamp\www\theembroideryshoppe\index.php(65): Mage::run()
#6 {main}
2015-08-01T15:30:07+00:00 DEBUG (7): Exception message: Notice: Undefined offset: 4231  in E:\wamp\www\theembroideryshoppe\app\code\core\Mage\Checkout\controllers\CartController.php on line 167
Trace: #0 E:\wamp\www\theembroideryshoppe\app\code\core\Mage\Checkout\controllers\CartController.php(167): mageCoreErrorHandler(8, 'Undefined offse...', 'E:\wamp\www\the...', 167, Array)
#1 E:\wamp\www\theembroideryshoppe\app\code\core\Mage\Core\Controller\Varien\Action.php(376): Mage_Checkout_CartController->addAction()
#2 E:\wamp\www\theembroideryshoppe\app\code\core\Mage\Core\Controller\Varien\Router\Standard.php(248): Mage_Core_Controller_Varien_Action->dispatch('add')
#3 E:\wamp\www\theembroideryshoppe\app\code\core\Mage\Core\Controller\Varien\Front.php(158): Mage_Core_Controller_Varien_Router_Standard->match(Object(Mage_Core_Controller_Request_Http))
#4 E:\wamp\www\theembroideryshoppe\app\Mage.php(459): Mage_Core_Controller_Varien_Front->dispatch()
#5 E:\wamp\www\theembroideryshoppe\index.php(65): Mage::run()
#6 {main}
2015-08-01T15:31:36+00:00 DEBUG (7): Exception message: Notice: Undefined offset: 4231  in E:\wamp\www\theembroideryshoppe\app\code\core\Mage\Checkout\controllers\CartController.php on line 167
Trace: #0 E:\wamp\www\theembroideryshoppe\app\code\core\Mage\Checkout\controllers\CartController.php(167): mageCoreErrorHandler(8, 'Undefined offse...', 'E:\wamp\www\the...', 167, Array)
#1 E:\wamp\www\theembroideryshoppe\app\code\core\Mage\Core\Controller\Varien\Action.php(376): Mage_Checkout_CartController->addAction()
#2 E:\wamp\www\theembroideryshoppe\app\code\core\Mage\Core\Controller\Varien\Router\Standard.php(248): Mage_Core_Controller_Varien_Action->dispatch('add')
#3 E:\wamp\www\theembroideryshoppe\app\code\core\Mage\Core\Controller\Varien\Front.php(158): Mage_Core_Controller_Varien_Router_Standard->match(Object(Mage_Core_Controller_Request_Http))
#4 E:\wamp\www\theembroideryshoppe\app\Mage.php(459): Mage_Core_Controller_Varien_Front->dispatch()
#5 E:\wamp\www\theembroideryshoppe\index.php(65): Mage::run()
#6 {main}
2015-08-01T15:32:06+00:00 DEBUG (7): Exception message: Notice: Undefined offset: 4231  in E:\wamp\www\theembroideryshoppe\app\code\core\Mage\Checkout\controllers\CartController.php on line 167
Trace: #0 E:\wamp\www\theembroideryshoppe\app\code\core\Mage\Checkout\controllers\CartController.php(167): mageCoreErrorHandler(8, 'Undefined offse...', 'E:\wamp\www\the...', 167, Array)
#1 E:\wamp\www\theembroideryshoppe\app\code\core\Mage\Core\Controller\Varien\Action.php(376): Mage_Checkout_CartController->addAction()
#2 E:\wamp\www\theembroideryshoppe\app\code\core\Mage\Core\Controller\Varien\Router\Standard.php(248): Mage_Core_Controller_Varien_Action->dispatch('add')
#3 E:\wamp\www\theembroideryshoppe\app\code\core\Mage\Core\Controller\Varien\Front.php(158): Mage_Core_Controller_Varien_Router_Standard->match(Object(Mage_Core_Controller_Request_Http))
#4 E:\wamp\www\theembroideryshoppe\app\Mage.php(459): Mage_Core_Controller_Varien_Front->dispatch()
#5 E:\wamp\www\theembroideryshoppe\index.php(65): Mage::run()
#6 {main}
2015-08-01T15:33:09+00:00 DEBUG (7): Exception message: Notice: Undefined offset: 4231  in E:\wamp\www\theembroideryshoppe\app\code\core\Mage\Checkout\controllers\CartController.php on line 167
Trace: #0 E:\wamp\www\theembroideryshoppe\app\code\core\Mage\Checkout\controllers\CartController.php(167): mageCoreErrorHandler(8, 'Undefined offse...', 'E:\wamp\www\the...', 167, Array)
#1 E:\wamp\www\theembroideryshoppe\app\code\core\Mage\Core\Controller\Varien\Action.php(376): Mage_Checkout_CartController->addAction()
#2 E:\wamp\www\theembroideryshoppe\app\code\core\Mage\Core\Controller\Varien\Router\Standard.php(248): Mage_Core_Controller_Varien_Action->dispatch('add')
#3 E:\wamp\www\theembroideryshoppe\app\code\core\Mage\Core\Controller\Varien\Front.php(158): Mage_Core_Controller_Varien_Router_Standard->match(Object(Mage_Core_Controller_Request_Http))
#4 E:\wamp\www\theembroideryshoppe\app\Mage.php(459): Mage_Core_Controller_Varien_Front->dispatch()
#5 E:\wamp\www\theembroideryshoppe\index.php(65): Mage::run()
#6 {main}
2015-08-01T15:36:42+00:00 DEBUG (7): Exception message: Notice: Undefined offset: 4231  in E:\wamp\www\theembroideryshoppe\app\code\core\Mage\Checkout\controllers\CartController.php on line 167
Trace: #0 E:\wamp\www\theembroideryshoppe\app\code\core\Mage\Checkout\controllers\CartController.php(167): mageCoreErrorHandler(8, 'Undefined offse...', 'E:\wamp\www\the...', 167, Array)
#1 E:\wamp\www\theembroideryshoppe\app\code\core\Mage\Core\Controller\Varien\Action.php(376): Mage_Checkout_CartController->addAction()
#2 E:\wamp\www\theembroideryshoppe\app\code\core\Mage\Core\Controller\Varien\Router\Standard.php(248): Mage_Core_Controller_Varien_Action->dispatch('add')
#3 E:\wamp\www\theembroideryshoppe\app\code\core\Mage\Core\Controller\Varien\Front.php(158): Mage_Core_Controller_Varien_Router_Standard->match(Object(Mage_Core_Controller_Request_Http))
#4 E:\wamp\www\theembroideryshoppe\app\Mage.php(459): Mage_Core_Controller_Varien_Front->dispatch()
#5 E:\wamp\www\theembroideryshoppe\index.php(65): Mage::run()
#6 {main}
2015-08-01T15:37:33+00:00 DEBUG (7): Exception message: Notice: Undefined offset: 4231  in E:\wamp\www\theembroideryshoppe\app\code\core\Mage\Checkout\controllers\CartController.php on line 167
Trace: #0 E:\wamp\www\theembroideryshoppe\app\code\core\Mage\Checkout\controllers\CartController.php(167): mageCoreErrorHandler(8, 'Undefined offse...', 'E:\wamp\www\the...', 167, Array)
#1 E:\wamp\www\theembroideryshoppe\app\code\core\Mage\Core\Controller\Varien\Action.php(376): Mage_Checkout_CartController->addAction()
#2 E:\wamp\www\theembroideryshoppe\app\code\core\Mage\Core\Controller\Varien\Router\Standard.php(248): Mage_Core_Controller_Varien_Action->dispatch('add')
#3 E:\wamp\www\theembroideryshoppe\app\code\core\Mage\Core\Controller\Varien\Front.php(158): Mage_Core_Controller_Varien_Router_Standard->match(Object(Mage_Core_Controller_Request_Http))
#4 E:\wamp\www\theembroideryshoppe\app\Mage.php(459): Mage_Core_Controller_Varien_Front->dispatch()
#5 E:\wamp\www\theembroideryshoppe\index.php(65): Mage::run()
#6 {main}
2015-08-01T15:38:08+00:00 DEBUG (7): Exception message: Notice: Undefined offset: 4231  in E:\wamp\www\theembroideryshoppe\app\code\core\Mage\Checkout\controllers\CartController.php on line 167
Trace: #0 E:\wamp\www\theembroideryshoppe\app\code\core\Mage\Checkout\controllers\CartController.php(167): mageCoreErrorHandler(8, 'Undefined offse...', 'E:\wamp\www\the...', 167, Array)
#1 E:\wamp\www\theembroideryshoppe\app\code\core\Mage\Core\Controller\Varien\Action.php(376): Mage_Checkout_CartController->addAction()
#2 E:\wamp\www\theembroideryshoppe\app\code\core\Mage\Core\Controller\Varien\Router\Standard.php(248): Mage_Core_Controller_Varien_Action->dispatch('add')
#3 E:\wamp\www\theembroideryshoppe\app\code\core\Mage\Core\Controller\Varien\Front.php(158): Mage_Core_Controller_Varien_Router_Standard->match(Object(Mage_Core_Controller_Request_Http))
#4 E:\wamp\www\theembroideryshoppe\app\Mage.php(459): Mage_Core_Controller_Varien_Front->dispatch()
#5 E:\wamp\www\theembroideryshoppe\index.php(65): Mage::run()
#6 {main}
2015-08-01T15:42:08+00:00 DEBUG (7): Exception message: Notice: Undefined offset: 4231  in E:\wamp\www\theembroideryshoppe\app\code\core\Mage\Checkout\controllers\CartController.php on line 167
Trace: #0 E:\wamp\www\theembroideryshoppe\app\code\core\Mage\Checkout\controllers\CartController.php(167): mageCoreErrorHandler(8, 'Undefined offse...', 'E:\wamp\www\the...', 167, Array)
#1 E:\wamp\www\theembroideryshoppe\app\code\core\Mage\Core\Controller\Varien\Action.php(376): Mage_Checkout_CartController->addAction()
#2 E:\wamp\www\theembroideryshoppe\app\code\core\Mage\Core\Controller\Varien\Router\Standard.php(248): Mage_Core_Controller_Varien_Action->dispatch('add')
#3 E:\wamp\www\theembroideryshoppe\app\code\core\Mage\Core\Controller\Varien\Front.php(158): Mage_Core_Controller_Varien_Router_Standard->match(Object(Mage_Core_Controller_Request_Http))
#4 E:\wamp\www\theembroideryshoppe\app\Mage.php(459): Mage_Core_Controller_Varien_Front->dispatch()
#5 E:\wamp\www\theembroideryshoppe\index.php(65): Mage::run()
#6 {main}
2015-08-01T15:42:35+00:00 DEBUG (7): Exception message: Notice: Undefined offset: 4231  in E:\wamp\www\theembroideryshoppe\app\code\core\Mage\Checkout\controllers\CartController.php on line 167
Trace: #0 E:\wamp\www\theembroideryshoppe\app\code\core\Mage\Checkout\controllers\CartController.php(167): mageCoreErrorHandler(8, 'Undefined offse...', 'E:\wamp\www\the...', 167, Array)
#1 E:\wamp\www\theembroideryshoppe\app\code\core\Mage\Core\Controller\Varien\Action.php(376): Mage_Checkout_CartController->addAction()
#2 E:\wamp\www\theembroideryshoppe\app\code\core\Mage\Core\Controller\Varien\Router\Standard.php(248): Mage_Core_Controller_Varien_Action->dispatch('add')
#3 E:\wamp\www\theembroideryshoppe\app\code\core\Mage\Core\Controller\Varien\Front.php(158): Mage_Core_Controller_Varien_Router_Standard->match(Object(Mage_Core_Controller_Request_Http))
#4 E:\wamp\www\theembroideryshoppe\app\Mage.php(459): Mage_Core_Controller_Varien_Front->dispatch()
#5 E:\wamp\www\theembroideryshoppe\index.php(65): Mage::run()
#6 {main}
2015-08-01T15:43:01+00:00 DEBUG (7): Exception message: Notice: Undefined offset: 4231  in E:\wamp\www\theembroideryshoppe\app\code\core\Mage\Checkout\controllers\CartController.php on line 167
Trace: #0 E:\wamp\www\theembroideryshoppe\app\code\core\Mage\Checkout\controllers\CartController.php(167): mageCoreErrorHandler(8, 'Undefined offse...', 'E:\wamp\www\the...', 167, Array)
#1 E:\wamp\www\theembroideryshoppe\app\code\core\Mage\Core\Controller\Varien\Action.php(376): Mage_Checkout_CartController->addAction()
#2 E:\wamp\www\theembroideryshoppe\app\code\core\Mage\Core\Controller\Varien\Router\Standard.php(248): Mage_Core_Controller_Varien_Action->dispatch('add')
#3 E:\wamp\www\theembroideryshoppe\app\code\core\Mage\Core\Controller\Varien\Front.php(158): Mage_Core_Controller_Varien_Router_Standard->match(Object(Mage_Core_Controller_Request_Http))
#4 E:\wamp\www\theembroideryshoppe\app\Mage.php(459): Mage_Core_Controller_Varien_Front->dispatch()
#5 E:\wamp\www\theembroideryshoppe\index.php(65): Mage::run()
#6 {main}
2015-08-01T18:58:15+00:00 DEBUG (7): Exception message: Notice: Undefined offset: 1  in E:\wamp\www\theembroideryshoppe\app\code\core\Mage\Checkout\controllers\CartController.php on line 174
Trace: #0 E:\wamp\www\theembroideryshoppe\app\code\core\Mage\Checkout\controllers\CartController.php(174): mageCoreErrorHandler(8, 'Undefined offse...', 'E:\wamp\www\the...', 174, Array)
#1 E:\wamp\www\theembroideryshoppe\app\code\core\Mage\Core\Controller\Varien\Action.php(376): Mage_Checkout_CartController->addAction()
#2 E:\wamp\www\theembroideryshoppe\app\code\core\Mage\Core\Controller\Varien\Router\Standard.php(248): Mage_Core_Controller_Varien_Action->dispatch('add')
#3 E:\wamp\www\theembroideryshoppe\app\code\core\Mage\Core\Controller\Varien\Front.php(158): Mage_Core_Controller_Varien_Router_Standard->match(Object(Mage_Core_Controller_Request_Http))
#4 E:\wamp\www\theembroideryshoppe\app\Mage.php(459): Mage_Core_Controller_Varien_Front->dispatch()
#5 E:\wamp\www\theembroideryshoppe\index.php(65): Mage::run()
#6 {main}
2015-08-01T19:02:13+00:00 DEBUG (7): Exception message: Notice: Undefined offset: 4231  in E:\wamp\www\theembroideryshoppe\app\code\core\Mage\Checkout\controllers\CartController.php on line 182
Trace: #0 E:\wamp\www\theembroideryshoppe\app\code\core\Mage\Checkout\controllers\CartController.php(182): mageCoreErrorHandler(8, 'Undefined offse...', 'E:\wamp\www\the...', 182, Array)
#1 E:\wamp\www\theembroideryshoppe\app\code\core\Mage\Core\Controller\Varien\Action.php(376): Mage_Checkout_CartController->addAction()
#2 E:\wamp\www\theembroideryshoppe\app\code\core\Mage\Core\Controller\Varien\Router\Standard.php(248): Mage_Core_Controller_Varien_Action->dispatch('add')
#3 E:\wamp\www\theembroideryshoppe\app\code\core\Mage\Core\Controller\Varien\Front.php(158): Mage_Core_Controller_Varien_Router_Standard->match(Object(Mage_Core_Controller_Request_Http))
#4 E:\wamp\www\theembroideryshoppe\app\Mage.php(459): Mage_Core_Controller_Varien_Front->dispatch()
#5 E:\wamp\www\theembroideryshoppe\index.php(65): Mage::run()
#6 {main}
2015-08-01T19:02:54+00:00 DEBUG (7): Exception message: Notice: Undefined offset: 4231  in E:\wamp\www\theembroideryshoppe\app\code\core\Mage\Checkout\controllers\CartController.php on line 182
Trace: #0 E:\wamp\www\theembroideryshoppe\app\code\core\Mage\Checkout\controllers\CartController.php(182): mageCoreErrorHandler(8, 'Undefined offse...', 'E:\wamp\www\the...', 182, Array)
#1 E:\wamp\www\theembroideryshoppe\app\code\core\Mage\Core\Controller\Varien\Action.php(376): Mage_Checkout_CartController->addAction()
#2 E:\wamp\www\theembroideryshoppe\app\code\core\Mage\Core\Controller\Varien\Router\Standard.php(248): Mage_Core_Controller_Varien_Action->dispatch('add')
#3 E:\wamp\www\theembroideryshoppe\app\code\core\Mage\Core\Controller\Varien\Front.php(158): Mage_Core_Controller_Varien_Router_Standard->match(Object(Mage_Core_Controller_Request_Http))
#4 E:\wamp\www\theembroideryshoppe\app\Mage.php(459): Mage_Core_Controller_Varien_Front->dispatch()
#5 E:\wamp\www\theembroideryshoppe\index.php(65): Mage::run()
#6 {main}
2015-08-01T19:06:49+00:00 DEBUG (7): Exception message: Notice: Undefined index: size  in E:\wamp\www\theembroideryshoppe\app\code\core\Mage\Checkout\controllers\CartController.php on line 185
Trace: #0 E:\wamp\www\theembroideryshoppe\app\code\core\Mage\Checkout\controllers\CartController.php(185): mageCoreErrorHandler(8, 'Undefined index...', 'E:\wamp\www\the...', 185, Array)
#1 E:\wamp\www\theembroideryshoppe\app\code\core\Mage\Core\Controller\Varien\Action.php(376): Mage_Checkout_CartController->addAction()
#2 E:\wamp\www\theembroideryshoppe\app\code\core\Mage\Core\Controller\Varien\Router\Standard.php(248): Mage_Core_Controller_Varien_Action->dispatch('add')
#3 E:\wamp\www\theembroideryshoppe\app\code\core\Mage\Core\Controller\Varien\Front.php(158): Mage_Core_Controller_Varien_Router_Standard->match(Object(Mage_Core_Controller_Request_Http))
#4 E:\wamp\www\theembroideryshoppe\app\Mage.php(459): Mage_Core_Controller_Varien_Front->dispatch()
#5 E:\wamp\www\theembroideryshoppe\index.php(65): Mage::run()
#6 {main}
2015-08-01T19:11:36+00:00 DEBUG (7): Exception message: Notice: Undefined index: size  in E:\wamp\www\theembroideryshoppe\app\code\core\Mage\Checkout\controllers\CartController.php on line 185
Trace: #0 E:\wamp\www\theembroideryshoppe\app\code\core\Mage\Checkout\controllers\CartController.php(185): mageCoreErrorHandler(8, 'Undefined index...', 'E:\wamp\www\the...', 185, Array)
#1 E:\wamp\www\theembroideryshoppe\app\code\core\Mage\Core\Controller\Varien\Action.php(376): Mage_Checkout_CartController->addAction()
#2 E:\wamp\www\theembroideryshoppe\app\code\core\Mage\Core\Controller\Varien\Router\Standard.php(248): Mage_Core_Controller_Varien_Action->dispatch('add')
#3 E:\wamp\www\theembroideryshoppe\app\code\core\Mage\Core\Controller\Varien\Front.php(158): Mage_Core_Controller_Varien_Router_Standard->match(Object(Mage_Core_Controller_Request_Http))
#4 E:\wamp\www\theembroideryshoppe\app\Mage.php(459): Mage_Core_Controller_Varien_Front->dispatch()
#5 E:\wamp\www\theembroideryshoppe\index.php(65): Mage::run()
#6 {main}
2015-08-01T19:12:27+00:00 DEBUG (7): Exception message: Notice: Undefined index: size  in E:\wamp\www\theembroideryshoppe\app\code\core\Mage\Checkout\controllers\CartController.php on line 185
Trace: #0 E:\wamp\www\theembroideryshoppe\app\code\core\Mage\Checkout\controllers\CartController.php(185): mageCoreErrorHandler(8, 'Undefined index...', 'E:\wamp\www\the...', 185, Array)
#1 E:\wamp\www\theembroideryshoppe\app\code\core\Mage\Core\Controller\Varien\Action.php(376): Mage_Checkout_CartController->addAction()
#2 E:\wamp\www\theembroideryshoppe\app\code\core\Mage\Core\Controller\Varien\Router\Standard.php(248): Mage_Core_Controller_Varien_Action->dispatch('add')
#3 E:\wamp\www\theembroideryshoppe\app\code\core\Mage\Core\Controller\Varien\Front.php(158): Mage_Core_Controller_Varien_Router_Standard->match(Object(Mage_Core_Controller_Request_Http))
#4 E:\wamp\www\theembroideryshoppe\app\Mage.php(459): Mage_Core_Controller_Varien_Front->dispatch()
#5 E:\wamp\www\theembroideryshoppe\index.php(65): Mage::run()
#6 {main}
2015-08-01T19:14:23+00:00 DEBUG (7): Exception message: Notice: Undefined index: size  in E:\wamp\www\theembroideryshoppe\app\code\core\Mage\Checkout\controllers\CartController.php on line 186
Trace: #0 E:\wamp\www\theembroideryshoppe\app\code\core\Mage\Checkout\controllers\CartController.php(186): mageCoreErrorHandler(8, 'Undefined index...', 'E:\wamp\www\the...', 186, Array)
#1 E:\wamp\www\theembroideryshoppe\app\code\core\Mage\Core\Controller\Varien\Action.php(376): Mage_Checkout_CartController->addAction()
#2 E:\wamp\www\theembroideryshoppe\app\code\core\Mage\Core\Controller\Varien\Router\Standard.php(248): Mage_Core_Controller_Varien_Action->dispatch('add')
#3 E:\wamp\www\theembroideryshoppe\app\code\core\Mage\Core\Controller\Varien\Front.php(158): Mage_Core_Controller_Varien_Router_Standard->match(Object(Mage_Core_Controller_Request_Http))
#4 E:\wamp\www\theembroideryshoppe\app\Mage.php(459): Mage_Core_Controller_Varien_Front->dispatch()
#5 E:\wamp\www\theembroideryshoppe\index.php(65): Mage::run()
#6 {main}
2015-08-01T19:15:04+00:00 DEBUG (7): Exception message: Notice: Undefined index: size  in E:\wamp\www\theembroideryshoppe\app\code\core\Mage\Checkout\controllers\CartController.php on line 186
Trace: #0 E:\wamp\www\theembroideryshoppe\app\code\core\Mage\Checkout\controllers\CartController.php(186): mageCoreErrorHandler(8, 'Undefined index...', 'E:\wamp\www\the...', 186, Array)
#1 E:\wamp\www\theembroideryshoppe\app\code\core\Mage\Core\Controller\Varien\Action.php(376): Mage_Checkout_CartController->addAction()
#2 E:\wamp\www\theembroideryshoppe\app\code\core\Mage\Core\Controller\Varien\Router\Standard.php(248): Mage_Core_Controller_Varien_Action->dispatch('add')
#3 E:\wamp\www\theembroideryshoppe\app\code\core\Mage\Core\Controller\Varien\Front.php(158): Mage_Core_Controller_Varien_Router_Standard->match(Object(Mage_Core_Controller_Request_Http))
#4 E:\wamp\www\theembroideryshoppe\app\Mage.php(459): Mage_Core_Controller_Varien_Front->dispatch()
#5 E:\wamp\www\theembroideryshoppe\index.php(65): Mage::run()
#6 {main}
2015-08-01T19:15:34+00:00 DEBUG (7): Exception message: Notice: Undefined index: size  in E:\wamp\www\theembroideryshoppe\app\code\core\Mage\Checkout\controllers\CartController.php on line 186
Trace: #0 E:\wamp\www\theembroideryshoppe\app\code\core\Mage\Checkout\controllers\CartController.php(186): mageCoreErrorHandler(8, 'Undefined index...', 'E:\wamp\www\the...', 186, Array)
#1 E:\wamp\www\theembroideryshoppe\app\code\core\Mage\Core\Controller\Varien\Action.php(376): Mage_Checkout_CartController->addAction()
#2 E:\wamp\www\theembroideryshoppe\app\code\core\Mage\Core\Controller\Varien\Router\Standard.php(248): Mage_Core_Controller_Varien_Action->dispatch('add')
#3 E:\wamp\www\theembroideryshoppe\app\code\core\Mage\Core\Controller\Varien\Front.php(158): Mage_Core_Controller_Varien_Router_Standard->match(Object(Mage_Core_Controller_Request_Http))
#4 E:\wamp\www\theembroideryshoppe\app\Mage.php(459): Mage_Core_Controller_Varien_Front->dispatch()
#5 E:\wamp\www\theembroideryshoppe\index.php(65): Mage::run()
#6 {main}
2015-08-01T19:23:45+00:00 DEBUG (7): Exception message: Notice: Undefined variable: optqty  in E:\wamp\www\theembroideryshoppe\app\code\core\Mage\Checkout\controllers\CartController.php on line 231
Trace: #0 E:\wamp\www\theembroideryshoppe\app\code\core\Mage\Checkout\controllers\CartController.php(231): mageCoreErrorHandler(8, 'Undefined varia...', 'E:\wamp\www\the...', 231, Array)
#1 E:\wamp\www\theembroideryshoppe\app\code\core\Mage\Core\Controller\Varien\Action.php(376): Mage_Checkout_CartController->addAction()
#2 E:\wamp\www\theembroideryshoppe\app\code\core\Mage\Core\Controller\Varien\Router\Standard.php(248): Mage_Core_Controller_Varien_Action->dispatch('add')
#3 E:\wamp\www\theembroideryshoppe\app\code\core\Mage\Core\Controller\Varien\Front.php(158): Mage_Core_Controller_Varien_Router_Standard->match(Object(Mage_Core_Controller_Request_Http))
#4 E:\wamp\www\theembroideryshoppe\app\Mage.php(459): Mage_Core_Controller_Varien_Front->dispatch()
#5 E:\wamp\www\theembroideryshoppe\index.php(65): Mage::run()
#6 {main}
2015-08-01T19:24:22+00:00 DEBUG (7): Exception message: Notice: Undefined variable: optqty  in E:\wamp\www\theembroideryshoppe\app\code\core\Mage\Checkout\controllers\CartController.php on line 231
Trace: #0 E:\wamp\www\theembroideryshoppe\app\code\core\Mage\Checkout\controllers\CartController.php(231): mageCoreErrorHandler(8, 'Undefined varia...', 'E:\wamp\www\the...', 231, Array)
#1 E:\wamp\www\theembroideryshoppe\app\code\core\Mage\Core\Controller\Varien\Action.php(376): Mage_Checkout_CartController->addAction()
#2 E:\wamp\www\theembroideryshoppe\app\code\core\Mage\Core\Controller\Varien\Router\Standard.php(248): Mage_Core_Controller_Varien_Action->dispatch('add')
#3 E:\wamp\www\theembroideryshoppe\app\code\core\Mage\Core\Controller\Varien\Front.php(158): Mage_Core_Controller_Varien_Router_Standard->match(Object(Mage_Core_Controller_Request_Http))
#4 E:\wamp\www\theembroideryshoppe\app\Mage.php(459): Mage_Core_Controller_Varien_Front->dispatch()
#5 E:\wamp\www\theembroideryshoppe\index.php(65): Mage::run()
#6 {main}
2015-08-01T19:25:02+00:00 DEBUG (7): Exception message: Notice: Undefined variable: optqty  in E:\wamp\www\theembroideryshoppe\app\code\core\Mage\Checkout\controllers\CartController.php on line 231
Trace: #0 E:\wamp\www\theembroideryshoppe\app\code\core\Mage\Checkout\controllers\CartController.php(231): mageCoreErrorHandler(8, 'Undefined varia...', 'E:\wamp\www\the...', 231, Array)
#1 E:\wamp\www\theembroideryshoppe\app\code\core\Mage\Core\Controller\Varien\Action.php(376): Mage_Checkout_CartController->addAction()
#2 E:\wamp\www\theembroideryshoppe\app\code\core\Mage\Core\Controller\Varien\Router\Standard.php(248): Mage_Core_Controller_Varien_Action->dispatch('add')
#3 E:\wamp\www\theembroideryshoppe\app\code\core\Mage\Core\Controller\Varien\Front.php(158): Mage_Core_Controller_Varien_Router_Standard->match(Object(Mage_Core_Controller_Request_Http))
#4 E:\wamp\www\theembroideryshoppe\app\Mage.php(459): Mage_Core_Controller_Varien_Front->dispatch()
#5 E:\wamp\www\theembroideryshoppe\index.php(65): Mage::run()
#6 {main}
2015-08-01T19:26:20+00:00 DEBUG (7): Exception message: Notice: Undefined variable: optqty  in E:\wamp\www\theembroideryshoppe\app\code\core\Mage\Checkout\controllers\CartController.php on line 231
Trace: #0 E:\wamp\www\theembroideryshoppe\app\code\core\Mage\Checkout\controllers\CartController.php(231): mageCoreErrorHandler(8, 'Undefined varia...', 'E:\wamp\www\the...', 231, Array)
#1 E:\wamp\www\theembroideryshoppe\app\code\core\Mage\Core\Controller\Varien\Action.php(376): Mage_Checkout_CartController->addAction()
#2 E:\wamp\www\theembroideryshoppe\app\code\core\Mage\Core\Controller\Varien\Router\Standard.php(248): Mage_Core_Controller_Varien_Action->dispatch('add')
#3 E:\wamp\www\theembroideryshoppe\app\code\core\Mage\Core\Controller\Varien\Front.php(158): Mage_Core_Controller_Varien_Router_Standard->match(Object(Mage_Core_Controller_Request_Http))
#4 E:\wamp\www\theembroideryshoppe\app\Mage.php(459): Mage_Core_Controller_Varien_Front->dispatch()
#5 E:\wamp\www\theembroideryshoppe\index.php(65): Mage::run()
#6 {main}
2015-08-01T19:27:14+00:00 DEBUG (7): Exception message: Notice: Undefined variable: optqty  in E:\wamp\www\theembroideryshoppe\app\code\core\Mage\Checkout\controllers\CartController.php on line 231
Trace: #0 E:\wamp\www\theembroideryshoppe\app\code\core\Mage\Checkout\controllers\CartController.php(231): mageCoreErrorHandler(8, 'Undefined varia...', 'E:\wamp\www\the...', 231, Array)
#1 E:\wamp\www\theembroideryshoppe\app\code\core\Mage\Core\Controller\Varien\Action.php(376): Mage_Checkout_CartController->addAction()
#2 E:\wamp\www\theembroideryshoppe\app\code\core\Mage\Core\Controller\Varien\Router\Standard.php(248): Mage_Core_Controller_Varien_Action->dispatch('add')
#3 E:\wamp\www\theembroideryshoppe\app\code\core\Mage\Core\Controller\Varien\Front.php(158): Mage_Core_Controller_Varien_Router_Standard->match(Object(Mage_Core_Controller_Request_Http))
#4 E:\wamp\www\theembroideryshoppe\app\Mage.php(459): Mage_Core_Controller_Varien_Front->dispatch()
#5 E:\wamp\www\theembroideryshoppe\index.php(65): Mage::run()
#6 {main}
2015-08-01T19:27:48+00:00 DEBUG (7): Exception message: Notice: Undefined variable: optqty  in E:\wamp\www\theembroideryshoppe\app\code\core\Mage\Checkout\controllers\CartController.php on line 231
Trace: #0 E:\wamp\www\theembroideryshoppe\app\code\core\Mage\Checkout\controllers\CartController.php(231): mageCoreErrorHandler(8, 'Undefined varia...', 'E:\wamp\www\the...', 231, Array)
#1 E:\wamp\www\theembroideryshoppe\app\code\core\Mage\Core\Controller\Varien\Action.php(376): Mage_Checkout_CartController->addAction()
#2 E:\wamp\www\theembroideryshoppe\app\code\core\Mage\Core\Controller\Varien\Router\Standard.php(248): Mage_Core_Controller_Varien_Action->dispatch('add')
#3 E:\wamp\www\theembroideryshoppe\app\code\core\Mage\Core\Controller\Varien\Front.php(158): Mage_Core_Controller_Varien_Router_Standard->match(Object(Mage_Core_Controller_Request_Http))
#4 E:\wamp\www\theembroideryshoppe\app\Mage.php(459): Mage_Core_Controller_Varien_Front->dispatch()
#5 E:\wamp\www\theembroideryshoppe\index.php(65): Mage::run()
#6 {main}
2015-08-01T19:29:11+00:00 DEBUG (7): Exception message: Notice: Undefined variable: optqty  in E:\wamp\www\theembroideryshoppe\app\code\core\Mage\Checkout\controllers\CartController.php on line 232
Trace: #0 E:\wamp\www\theembroideryshoppe\app\code\core\Mage\Checkout\controllers\CartController.php(232): mageCoreErrorHandler(8, 'Undefined varia...', 'E:\wamp\www\the...', 232, Array)
#1 E:\wamp\www\theembroideryshoppe\app\code\core\Mage\Core\Controller\Varien\Action.php(376): Mage_Checkout_CartController->addAction()
#2 E:\wamp\www\theembroideryshoppe\app\code\core\Mage\Core\Controller\Varien\Router\Standard.php(248): Mage_Core_Controller_Varien_Action->dispatch('add')
#3 E:\wamp\www\theembroideryshoppe\app\code\core\Mage\Core\Controller\Varien\Front.php(158): Mage_Core_Controller_Varien_Router_Standard->match(Object(Mage_Core_Controller_Request_Http))
#4 E:\wamp\www\theembroideryshoppe\app\Mage.php(459): Mage_Core_Controller_Varien_Front->dispatch()
#5 E:\wamp\www\theembroideryshoppe\index.php(65): Mage::run()
#6 {main}
2015-08-01T19:31:36+00:00 DEBUG (7): Exception message: Notice: Undefined variable: optqty  in E:\wamp\www\theembroideryshoppe\app\code\core\Mage\Checkout\controllers\CartController.php on line 187
Trace: #0 E:\wamp\www\theembroideryshoppe\app\code\core\Mage\Checkout\controllers\CartController.php(187): mageCoreErrorHandler(8, 'Undefined varia...', 'E:\wamp\www\the...', 187, Array)
#1 E:\wamp\www\theembroideryshoppe\app\code\core\Mage\Core\Controller\Varien\Action.php(376): Mage_Checkout_CartController->addAction()
#2 E:\wamp\www\theembroideryshoppe\app\code\core\Mage\Core\Controller\Varien\Router\Standard.php(248): Mage_Core_Controller_Varien_Action->dispatch('add')
#3 E:\wamp\www\theembroideryshoppe\app\code\core\Mage\Core\Controller\Varien\Front.php(158): Mage_Core_Controller_Varien_Router_Standard->match(Object(Mage_Core_Controller_Request_Http))
#4 E:\wamp\www\theembroideryshoppe\app\Mage.php(459): Mage_Core_Controller_Varien_Front->dispatch()
#5 E:\wamp\www\theembroideryshoppe\index.php(65): Mage::run()
#6 {main}
2015-08-01T19:33:56+00:00 DEBUG (7): Exception message: Notice: Undefined variable: param1  in E:\wamp\www\theembroideryshoppe\app\code\core\Mage\Checkout\controllers\CartController.php on line 235
Trace: #0 E:\wamp\www\theembroideryshoppe\app\code\core\Mage\Checkout\controllers\CartController.php(235): mageCoreErrorHandler(8, 'Undefined varia...', 'E:\wamp\www\the...', 235, Array)
#1 E:\wamp\www\theembroideryshoppe\app\code\core\Mage\Core\Controller\Varien\Action.php(376): Mage_Checkout_CartController->addAction()
#2 E:\wamp\www\theembroideryshoppe\app\code\core\Mage\Core\Controller\Varien\Router\Standard.php(248): Mage_Core_Controller_Varien_Action->dispatch('add')
#3 E:\wamp\www\theembroideryshoppe\app\code\core\Mage\Core\Controller\Varien\Front.php(158): Mage_Core_Controller_Varien_Router_Standard->match(Object(Mage_Core_Controller_Request_Http))
#4 E:\wamp\www\theembroideryshoppe\app\Mage.php(459): Mage_Core_Controller_Varien_Front->dispatch()
#5 E:\wamp\www\theembroideryshoppe\index.php(65): Mage::run()
#6 {main}
2015-08-01T19:35:17+00:00 DEBUG (7): Exception message: Notice: Undefined variable: param1  in E:\wamp\www\theembroideryshoppe\app\code\core\Mage\Checkout\controllers\CartController.php on line 235
Trace: #0 E:\wamp\www\theembroideryshoppe\app\code\core\Mage\Checkout\controllers\CartController.php(235): mageCoreErrorHandler(8, 'Undefined varia...', 'E:\wamp\www\the...', 235, Array)
#1 E:\wamp\www\theembroideryshoppe\app\code\core\Mage\Core\Controller\Varien\Action.php(376): Mage_Checkout_CartController->addAction()
#2 E:\wamp\www\theembroideryshoppe\app\code\core\Mage\Core\Controller\Varien\Router\Standard.php(248): Mage_Core_Controller_Varien_Action->dispatch('add')
#3 E:\wamp\www\theembroideryshoppe\app\code\core\Mage\Core\Controller\Varien\Front.php(158): Mage_Core_Controller_Varien_Router_Standard->match(Object(Mage_Core_Controller_Request_Http))
#4 E:\wamp\www\theembroideryshoppe\app\Mage.php(459): Mage_Core_Controller_Varien_Front->dispatch()
#5 E:\wamp\www\theembroideryshoppe\index.php(65): Mage::run()
#6 {main}
2015-08-01T19:41:28+00:00 DEBUG (7): Exception message: Notice: Undefined variable: param1  in E:\wamp\www\theembroideryshoppe\app\code\core\Mage\Checkout\controllers\CartController.php on line 182
Trace: #0 E:\wamp\www\theembroideryshoppe\app\code\core\Mage\Checkout\controllers\CartController.php(182): mageCoreErrorHandler(8, 'Undefined varia...', 'E:\wamp\www\the...', 182, Array)
#1 E:\wamp\www\theembroideryshoppe\app\code\core\Mage\Core\Controller\Varien\Action.php(376): Mage_Checkout_CartController->addAction()
#2 E:\wamp\www\theembroideryshoppe\app\code\core\Mage\Core\Controller\Varien\Router\Standard.php(248): Mage_Core_Controller_Varien_Action->dispatch('add')
#3 E:\wamp\www\theembroideryshoppe\app\code\core\Mage\Core\Controller\Varien\Front.php(158): Mage_Core_Controller_Varien_Router_Standard->match(Object(Mage_Core_Controller_Request_Http))
#4 E:\wamp\www\theembroideryshoppe\app\Mage.php(459): Mage_Core_Controller_Varien_Front->dispatch()
#5 E:\wamp\www\theembroideryshoppe\index.php(65): Mage::run()
#6 {main}
2015-09-14T19:22:43+00:00 DEBUG (7): Exception message: Notice: Undefined index: select_logo  in E:\wamp\www\theembroideryshoppe\app\code\core\Mage\Checkout\controllers\CartController.php on line 186
Trace: #0 E:\wamp\www\theembroideryshoppe\app\code\core\Mage\Checkout\controllers\CartController.php(186): mageCoreErrorHandler(8, 'Undefined index...', 'E:\wamp\www\the...', 186, Array)
#1 E:\wamp\www\theembroideryshoppe\app\code\core\Mage\Core\Controller\Varien\Action.php(376): Mage_Checkout_CartController->addAction()
#2 E:\wamp\www\theembroideryshoppe\app\code\core\Mage\Core\Controller\Varien\Router\Standard.php(248): Mage_Core_Controller_Varien_Action->dispatch('add')
#3 E:\wamp\www\theembroideryshoppe\app\code\core\Mage\Core\Controller\Varien\Front.php(158): Mage_Core_Controller_Varien_Router_Standard->match(Object(Mage_Core_Controller_Request_Http))
#4 E:\wamp\www\theembroideryshoppe\app\Mage.php(459): Mage_Core_Controller_Varien_Front->dispatch()
#5 E:\wamp\www\theembroideryshoppe\index.php(65): Mage::run()
#6 {main}
2015-09-14T19:23:38+00:00 DEBUG (7): Exception message: Notice: Undefined index: select_logo  in E:\wamp\www\theembroideryshoppe\app\code\core\Mage\Checkout\controllers\CartController.php on line 186
Trace: #0 E:\wamp\www\theembroideryshoppe\app\code\core\Mage\Checkout\controllers\CartController.php(186): mageCoreErrorHandler(8, 'Undefined index...', 'E:\wamp\www\the...', 186, Array)
#1 E:\wamp\www\theembroideryshoppe\app\code\core\Mage\Core\Controller\Varien\Action.php(376): Mage_Checkout_CartController->addAction()
#2 E:\wamp\www\theembroideryshoppe\app\code\core\Mage\Core\Controller\Varien\Router\Standard.php(248): Mage_Core_Controller_Varien_Action->dispatch('add')
#3 E:\wamp\www\theembroideryshoppe\app\code\core\Mage\Core\Controller\Varien\Front.php(158): Mage_Core_Controller_Varien_Router_Standard->match(Object(Mage_Core_Controller_Request_Http))
#4 E:\wamp\www\theembroideryshoppe\app\Mage.php(459): Mage_Core_Controller_Varien_Front->dispatch()
#5 E:\wamp\www\theembroideryshoppe\index.php(65): Mage::run()
#6 {main}
2015-09-14T19:24:15+00:00 DEBUG (7): Exception message: Notice: Undefined index: select_logo  in E:\wamp\www\theembroideryshoppe\app\code\core\Mage\Checkout\controllers\CartController.php on line 186
Trace: #0 E:\wamp\www\theembroideryshoppe\app\code\core\Mage\Checkout\controllers\CartController.php(186): mageCoreErrorHandler(8, 'Undefined index...', 'E:\wamp\www\the...', 186, Array)
#1 E:\wamp\www\theembroideryshoppe\app\code\core\Mage\Core\Controller\Varien\Action.php(376): Mage_Checkout_CartController->addAction()
#2 E:\wamp\www\theembroideryshoppe\app\code\core\Mage\Core\Controller\Varien\Router\Standard.php(248): Mage_Core_Controller_Varien_Action->dispatch('add')
#3 E:\wamp\www\theembroideryshoppe\app\code\core\Mage\Core\Controller\Varien\Front.php(158): Mage_Core_Controller_Varien_Router_Standard->match(Object(Mage_Core_Controller_Request_Http))
#4 E:\wamp\www\theembroideryshoppe\app\Mage.php(459): Mage_Core_Controller_Varien_Front->dispatch()
#5 E:\wamp\www\theembroideryshoppe\index.php(65): Mage::run()
#6 {main}
2015-09-14T19:25:31+00:00 DEBUG (7): Exception message: Notice: Undefined index: select_logo  in E:\wamp\www\theembroideryshoppe\app\code\core\Mage\Checkout\controllers\CartController.php on line 187
Trace: #0 E:\wamp\www\theembroideryshoppe\app\code\core\Mage\Checkout\controllers\CartController.php(187): mageCoreErrorHandler(8, 'Undefined index...', 'E:\wamp\www\the...', 187, Array)
#1 E:\wamp\www\theembroideryshoppe\app\code\core\Mage\Core\Controller\Varien\Action.php(376): Mage_Checkout_CartController->addAction()
#2 E:\wamp\www\theembroideryshoppe\app\code\core\Mage\Core\Controller\Varien\Router\Standard.php(248): Mage_Core_Controller_Varien_Action->dispatch('add')
#3 E:\wamp\www\theembroideryshoppe\app\code\core\Mage\Core\Controller\Varien\Front.php(158): Mage_Core_Controller_Varien_Router_Standard->match(Object(Mage_Core_Controller_Request_Http))
#4 E:\wamp\www\theembroideryshoppe\app\Mage.php(459): Mage_Core_Controller_Varien_Front->dispatch()
#5 E:\wamp\www\theembroideryshoppe\index.php(65): Mage::run()
#6 {main}
2015-09-14T19:25:47+00:00 DEBUG (7): Exception message: Notice: Undefined index: select_logo  in E:\wamp\www\theembroideryshoppe\app\code\core\Mage\Checkout\controllers\CartController.php on line 187
Trace: #0 E:\wamp\www\theembroideryshoppe\app\code\core\Mage\Checkout\controllers\CartController.php(187): mageCoreErrorHandler(8, 'Undefined index...', 'E:\wamp\www\the...', 187, Array)
#1 E:\wamp\www\theembroideryshoppe\app\code\core\Mage\Core\Controller\Varien\Action.php(376): Mage_Checkout_CartController->addAction()
#2 E:\wamp\www\theembroideryshoppe\app\code\core\Mage\Core\Controller\Varien\Router\Standard.php(248): Mage_Core_Controller_Varien_Action->dispatch('add')
#3 E:\wamp\www\theembroideryshoppe\app\code\core\Mage\Core\Controller\Varien\Front.php(158): Mage_Core_Controller_Varien_Router_Standard->match(Object(Mage_Core_Controller_Request_Http))
#4 E:\wamp\www\theembroideryshoppe\app\Mage.php(459): Mage_Core_Controller_Varien_Front->dispatch()
#5 E:\wamp\www\theembroideryshoppe\index.php(65): Mage::run()
#6 {main}
2016-01-30T05:33:35+00:00 DEBUG (7): Exception message: Warning: Illegal string offset 'colkey'  in E:\wamp\www\theembroideryshoppe\app\code\core\Mage\Checkout\controllers\CartController.php on line 289
Trace: #0 E:\wamp\www\theembroideryshoppe\app\code\core\Mage\Checkout\controllers\CartController.php(289): mageCoreErrorHandler(2, 'Illegal string ...', 'E:\wamp\www\the...', 289, Array)
#1 E:\wamp\www\theembroideryshoppe\app\code\core\Mage\Core\Controller\Varien\Action.php(376): Mage_Checkout_CartController->addAction()
#2 E:\wamp\www\theembroideryshoppe\app\code\core\Mage\Core\Controller\Varien\Router\Standard.php(248): Mage_Core_Controller_Varien_Action->dispatch('add')
#3 E:\wamp\www\theembroideryshoppe\app\code\core\Mage\Core\Controller\Varien\Front.php(158): Mage_Core_Controller_Varien_Router_Standard->match(Object(Mage_Core_Controller_Request_Http))
#4 E:\wamp\www\theembroideryshoppe\app\Mage.php(459): Mage_Core_Controller_Varien_Front->dispatch()
#5 E:\wamp\www\theembroideryshoppe\index.php(65): Mage::run()
#6 {main}
